<?xml version="1.0" encoding="UTF-8"?>
<!-- Generated by org.testng.reporters.JUnitXMLReporter -->
<testsuite ignored="4" hostname="LTIN234944" failures="0" tests="11" name="Test" time="71.702" errors="0" timestamp="2024-03-04T10:50:45 IST">
  <testcase classname="testCases.TC001_BookShelves" name="HandlePopup" time="5.632"/>
  <testcase classname="testCases.TC001_BookShelves" name="SelectFilters" time="0.891"/>
  <testcase classname="testCases.TC001_BookShelves" name="pricePriority" time="0.749"/>
  <testcase classname="testCases.TC001_BookShelves" name="prntProductDetails" time="1.031"/>
  <testcase classname="testCases.TC002_Living" name="viewLiving" time="2.156"/>
  <testcase classname="testCases.TC002_Living" name="prntSubmenu" time="2.815"/>
  <testcase classname="testCases.TC003_GiftCards" name="chooseGiftCard" time="39.005"/>
  <testcase classname="testCases.TC003_GiftCards" name="enterAmount" time="0.185"/>
  <testcase classname="testCases.TC003_GiftCards" name="formDetails" time="3.988"/>
  <testcase classname="testCases.TC003_GiftCards" name="printErrorMs" time="0.047"/>
  <testcase classname="testCases.TC003_GiftCards" name="enterValidDetails" time="3.981"/>
  <testcase classname="testBase.BaseClass" name="@AfterTest tearDown" time="0.0">
    <ignored/>
  </testcase> <!-- @AfterTest tearDown -->
  <testcase classname="testBase.BaseClass" name="@AfterTest tearDown" time="0.0">
    <ignored/>
  </testcase> <!-- @AfterTest tearDown -->
  <testcase classname="testBase.BaseClass" name="@BeforeTest setup" time="0.0">
    <ignored/>
  </testcase> <!-- @BeforeTest setup -->
  <testcase classname="testBase.BaseClass" name="@BeforeTest setup" time="0.0">
    <ignored/>
  </testcase> <!-- @BeforeTest setup -->
</testsuite> <!-- Test -->
