<?xml version="1.0" encoding="UTF-8"?>
<testng-results ignored="4" total="15" passed="11" failed="0" skipped="0">
  <reporter-output>
  </reporter-output>
  <suite started-at="2024-03-04T10:49:34 IST" name="Suite" finished-at="2024-03-04T10:50:45 IST" duration-ms="71702">
    <groups>
      <group name="regression">
        <method signature="TC001_BookShelves.HandlePopup()[pri:1, instance:testCases.TC001_BookShelves@10e31a9a]" name="HandlePopup" class="testCases.TC001_BookShelves"/>
        <method signature="TC001_BookShelves.SelectFilters()[pri:2, instance:testCases.TC001_BookShelves@10e31a9a]" name="SelectFilters" class="testCases.TC001_BookShelves"/>
        <method signature="TC001_BookShelves.pricePriority()[pri:3, instance:testCases.TC001_BookShelves@10e31a9a]" name="pricePriority" class="testCases.TC001_BookShelves"/>
        <method signature="TC001_BookShelves.prntProductDetails()[pri:4, instance:testCases.TC001_BookShelves@10e31a9a]" name="prntProductDetails" class="testCases.TC001_BookShelves"/>
      </group> <!-- regression -->
      <group name="sanity">
        <method signature="TC001_BookShelves.HandlePopup()[pri:1, instance:testCases.TC001_BookShelves@10e31a9a]" name="HandlePopup" class="testCases.TC001_BookShelves"/>
        <method signature="TC002_Living.viewLiving()[pri:1, instance:testCases.TC002_Living@1623b78d]" name="viewLiving" class="testCases.TC002_Living"/>
        <method signature="TC003_GiftCards.chooseGiftCard()[pri:1, instance:testCases.TC003_GiftCards@4550bb58]" name="chooseGiftCard" class="testCases.TC003_GiftCards"/>
      </group> <!-- sanity -->
      <group name="master">
        <method signature="TC001_BookShelves.HandlePopup()[pri:1, instance:testCases.TC001_BookShelves@10e31a9a]" name="HandlePopup" class="testCases.TC001_BookShelves"/>
        <method signature="TC001_BookShelves.SelectFilters()[pri:2, instance:testCases.TC001_BookShelves@10e31a9a]" name="SelectFilters" class="testCases.TC001_BookShelves"/>
        <method signature="TC001_BookShelves.pricePriority()[pri:3, instance:testCases.TC001_BookShelves@10e31a9a]" name="pricePriority" class="testCases.TC001_BookShelves"/>
        <method signature="TC001_BookShelves.prntProductDetails()[pri:4, instance:testCases.TC001_BookShelves@10e31a9a]" name="prntProductDetails" class="testCases.TC001_BookShelves"/>
        <method signature="TC002_Living.prntSubmenu()[pri:2, instance:testCases.TC002_Living@1623b78d]" name="prntSubmenu" class="testCases.TC002_Living"/>
        <method signature="TC002_Living.viewLiving()[pri:1, instance:testCases.TC002_Living@1623b78d]" name="viewLiving" class="testCases.TC002_Living"/>
        <method signature="TC003_GiftCards.chooseGiftCard()[pri:1, instance:testCases.TC003_GiftCards@4550bb58]" name="chooseGiftCard" class="testCases.TC003_GiftCards"/>
        <method signature="TC003_GiftCards.enterAmount()[pri:2, instance:testCases.TC003_GiftCards@4550bb58]" name="enterAmount" class="testCases.TC003_GiftCards"/>
        <method signature="TC003_GiftCards.enterValidDetails()[pri:5, instance:testCases.TC003_GiftCards@4550bb58]" name="enterValidDetails" class="testCases.TC003_GiftCards"/>
        <method signature="TC003_GiftCards.formDetails()[pri:3, instance:testCases.TC003_GiftCards@4550bb58]" name="formDetails" class="testCases.TC003_GiftCards"/>
        <method signature="TC003_GiftCards.printErrorMs()[pri:4, instance:testCases.TC003_GiftCards@4550bb58]" name="printErrorMs" class="testCases.TC003_GiftCards"/>
      </group> <!-- master -->
    </groups>
    <test started-at="2024-03-04T10:49:34 IST" name="Test" finished-at="2024-03-04T10:50:45 IST" duration-ms="71702">
      <class name="testCases.TC002_Living">
        <test-method signature="viewLiving()[pri:1, instance:testCases.TC002_Living@1623b78d]" started-at="2024-03-04T10:49:50 IST" name="viewLiving" finished-at="2024-03-04T10:49:52 IST" duration-ms="2156" status="PASS">
          <reporter-output>
          </reporter-output>
        </test-method> <!-- viewLiving -->
        <test-method signature="prntSubmenu()[pri:2, instance:testCases.TC002_Living@1623b78d]" started-at="2024-03-04T10:49:53 IST" name="prntSubmenu" finished-at="2024-03-04T10:49:55 IST" duration-ms="2815" status="PASS">
          <reporter-output>
          </reporter-output>
        </test-method> <!-- prntSubmenu -->
      </class> <!-- testCases.TC002_Living -->
      <class name="testCases.TC001_BookShelves">
        <test-method is-config="true" signature="setup(java.lang.String,java.lang.String)[pri:0, instance:testCases.TC001_BookShelves@10e31a9a]" started-at="2024-03-04T10:49:34 IST" name="setup" finished-at="2024-03-04T10:49:40 IST" duration-ms="6407" status="PASS">
          <params>
            <param index="0">
              <value>
                <![CDATA[Windows]]>
              </value>
            </param>
            <param index="1">
              <value>
                <![CDATA[Chrome]]>
              </value>
            </param>
          </params>
          <reporter-output>
          </reporter-output>
        </test-method> <!-- setup -->
        <test-method signature="HandlePopup()[pri:1, instance:testCases.TC001_BookShelves@10e31a9a]" started-at="2024-03-04T10:49:40 IST" name="HandlePopup" finished-at="2024-03-04T10:49:46 IST" duration-ms="5632" status="PASS">
          <reporter-output>
          </reporter-output>
        </test-method> <!-- HandlePopup -->
        <test-method signature="SelectFilters()[pri:2, instance:testCases.TC001_BookShelves@10e31a9a]" started-at="2024-03-04T10:49:47 IST" name="SelectFilters" finished-at="2024-03-04T10:49:48 IST" duration-ms="891" status="PASS">
          <reporter-output>
          </reporter-output>
        </test-method> <!-- SelectFilters -->
        <test-method signature="pricePriority()[pri:3, instance:testCases.TC001_BookShelves@10e31a9a]" started-at="2024-03-04T10:49:48 IST" name="pricePriority" finished-at="2024-03-04T10:49:49 IST" duration-ms="749" status="PASS">
          <reporter-output>
          </reporter-output>
        </test-method> <!-- pricePriority -->
        <test-method signature="prntProductDetails()[pri:4, instance:testCases.TC001_BookShelves@10e31a9a]" started-at="2024-03-04T10:49:49 IST" name="prntProductDetails" finished-at="2024-03-04T10:49:50 IST" duration-ms="1031" status="PASS">
          <reporter-output>
          </reporter-output>
        </test-method> <!-- prntProductDetails -->
        <test-method is-config="true" signature="tearDown()[pri:0, instance:testCases.TC001_BookShelves@10e31a9a]" started-at="2024-03-04T10:50:44 IST" name="tearDown" finished-at="2024-03-04T10:50:45 IST" duration-ms="1115" status="PASS">
          <reporter-output>
          </reporter-output>
        </test-method> <!-- tearDown -->
      </class> <!-- testCases.TC001_BookShelves -->
      <class name="testCases.TC003_GiftCards">
        <test-method signature="chooseGiftCard()[pri:1, instance:testCases.TC003_GiftCards@4550bb58]" started-at="2024-03-04T10:49:55 IST" name="chooseGiftCard" finished-at="2024-03-04T10:50:34 IST" duration-ms="39005" status="PASS">
          <reporter-output>
          </reporter-output>
        </test-method> <!-- chooseGiftCard -->
        <test-method signature="enterAmount()[pri:2, instance:testCases.TC003_GiftCards@4550bb58]" started-at="2024-03-04T10:50:35 IST" name="enterAmount" finished-at="2024-03-04T10:50:35 IST" duration-ms="185" status="PASS">
          <reporter-output>
          </reporter-output>
        </test-method> <!-- enterAmount -->
        <test-method signature="formDetails()[pri:3, instance:testCases.TC003_GiftCards@4550bb58]" started-at="2024-03-04T10:50:36 IST" name="formDetails" finished-at="2024-03-04T10:50:40 IST" duration-ms="3988" status="PASS">
          <reporter-output>
          </reporter-output>
        </test-method> <!-- formDetails -->
        <test-method signature="printErrorMs()[pri:4, instance:testCases.TC003_GiftCards@4550bb58]" started-at="2024-03-04T10:50:40 IST" name="printErrorMs" finished-at="2024-03-04T10:50:40 IST" duration-ms="47" status="PASS">
          <reporter-output>
          </reporter-output>
        </test-method> <!-- printErrorMs -->
        <test-method signature="enterValidDetails()[pri:5, instance:testCases.TC003_GiftCards@4550bb58]" started-at="2024-03-04T10:50:40 IST" name="enterValidDetails" finished-at="2024-03-04T10:50:44 IST" duration-ms="3981" status="PASS">
          <reporter-output>
          </reporter-output>
        </test-method> <!-- enterValidDetails -->
      </class> <!-- testCases.TC003_GiftCards -->
    </test> <!-- Test -->
  </suite> <!-- Suite -->
</testng-results>
